<?xml version="1.0" encoding="UTF-8"?>
<testsuite name="dk.acto.blackdragon.service.AuthorDataFactoryTest" tests="1" skipped="0" failures="0" errors="0" timestamp="2022-02-18T16:55:08" hostname="MainPC" time="0.0">
  <properties/>
  <testcase name="testCreate[0](org.testng.TestRunner@6872557d)" classname="dk.acto.blackdragon.service.AuthorDataFactoryTest" time="0.0"/>
  <system-out><![CDATA[]]></system-out>
  <system-err><![CDATA[]]></system-err>
</testsuite>
