<?xml version="1.0" encoding="UTF-8"?>
<testsuite name="dk.acto.blackdragon.service.DataFetcherTest" tests="1" skipped="0" failures="0" errors="0" timestamp="2022-02-16T21:24:12" hostname="MainPC" time="0.448">
  <properties/>
  <testcase name="testFetchData[0](org.testng.TestRunner@6872557d)" classname="dk.acto.blackdragon.service.DataFetcherTest" time="0.448"/>
  <system-out><![CDATA[]]></system-out>
  <system-err><![CDATA[]]></system-err>
</testsuite>
